<?xml version="1.0" encoding="UTF-8"?>
<testng-results skipped="0" failed="1" ignored="0" total="2" passed="1">
  <reporter-output>
  </reporter-output>
  <suite name="Default suite" duration-ms="31750" started-at="2018-04-16T18:29:11Z" finished-at="2018-04-16T18:29:43Z">
    <groups>
    </groups>
    <test name="Default test" duration-ms="31750" started-at="2018-04-16T18:29:11Z" finished-at="2018-04-16T18:29:43Z">
      <class name="com.gcrShopAdmin.qa.testcases.AdminHomeTest">
        <test-method status="PASS" signature="setUp()[pri:0, instance:com.gcrShopAdmin.qa.testcases.AdminHomeTest@5700d6b1]" name="setUp" is-config="true" duration-ms="6045" started-at="2018-04-16T19:29:11Z" finished-at="2018-04-16T19:29:17Z">
          <reporter-output>
          </reporter-output>
        </test-method> <!-- setUp -->
        <test-method status="PASS" signature="onlineCatalogLinkTest()[pri:1, instance:com.gcrShopAdmin.qa.testcases.AdminHomeTest@5700d6b1]" name="onlineCatalogLinkTest" duration-ms="1351" started-at="2018-04-16T19:29:17Z" finished-at="2018-04-16T19:29:18Z">
          <reporter-output>
          </reporter-output>
        </test-method> <!-- onlineCatalogLinkTest -->
        <test-method status="PASS" signature="tearDown()[pri:0, instance:com.gcrShopAdmin.qa.testcases.AdminHomeTest@5700d6b1]" name="tearDown" is-config="true" duration-ms="203" started-at="2018-04-16T19:29:18Z" finished-at="2018-04-16T19:29:18Z">
          <reporter-output>
          </reporter-output>
        </test-method> <!-- tearDown -->
        <test-method status="PASS" signature="setUp()[pri:0, instance:com.gcrShopAdmin.qa.testcases.AdminHomeTest@5700d6b1]" name="setUp" is-config="true" duration-ms="3833" started-at="2018-04-16T19:29:18Z" finished-at="2018-04-16T19:29:22Z">
          <reporter-output>
          </reporter-output>
        </test-method> <!-- setUp -->
        <test-method status="FAIL" signature="categoriesOrProductsLinkTest()[pri:2, instance:com.gcrShopAdmin.qa.testcases.AdminHomeTest@5700d6b1]" name="categoriesOrProductsLinkTest" duration-ms="20157" started-at="2018-04-16T19:29:22Z" finished-at="2018-04-16T19:29:42Z">
          <exception class="org.openqa.selenium.TimeoutException">
            <message>
              <![CDATA[Expected condition failed: waiting for element to be clickable: By.xpath: //a[contains(text(),'Categories/Products')] (tried for 5 second(s) with 500 MILLISECONDS interval)]]>
            </message>
            <full-stacktrace>
              <![CDATA[org.openqa.selenium.TimeoutException: Expected condition failed: waiting for element to be clickable: By.xpath: //a[contains(text(),'Categories/Products')] (tried for 5 second(s) with 500 MILLISECONDS interval)
	at org.openqa.selenium.support.ui.WebDriverWait.timeoutException(WebDriverWait.java:80)
	at org.openqa.selenium.support.ui.FluentWait.until(FluentWait.java:232)
	at com.gcrShop.onlineAdminUser.qa.pages.AdminHomePage.categoriesOrProductsLink(AdminHomePage.java:88)
	at com.gcrShopAdmin.qa.testcases.AdminHomeTest.categoriesOrProductsLinkTest(AdminHomeTest.java:41)
	at sun.reflect.NativeMethodAccessorImpl.invoke0(Native Method)
	at sun.reflect.NativeMethodAccessorImpl.invoke(NativeMethodAccessorImpl.java:62)
	at sun.reflect.DelegatingMethodAccessorImpl.invoke(DelegatingMethodAccessorImpl.java:43)
	at java.lang.reflect.Method.invoke(Method.java:498)
	at org.testng.internal.MethodInvocationHelper.invokeMethod(MethodInvocationHelper.java:108)
	at org.testng.internal.Invoker.invokeMethod(Invoker.java:661)
	at org.testng.internal.Invoker.invokeTestMethod(Invoker.java:869)
	at org.testng.internal.Invoker.invokeTestMethods(Invoker.java:1193)
	at org.testng.internal.TestMethodWorker.invokeTestMethods(TestMethodWorker.java:126)
	at org.testng.internal.TestMethodWorker.run(TestMethodWorker.java:109)
	at org.testng.TestRunner.privateRun(TestRunner.java:744)
	at org.testng.TestRunner.run(TestRunner.java:602)
	at org.testng.SuiteRunner.runTest(SuiteRunner.java:380)
	at org.testng.SuiteRunner.runSequentially(SuiteRunner.java:375)
	at org.testng.SuiteRunner.privateRun(SuiteRunner.java:340)
	at org.testng.SuiteRunner.run(SuiteRunner.java:289)
	at org.testng.SuiteRunnerWorker.runSuite(SuiteRunnerWorker.java:52)
	at org.testng.SuiteRunnerWorker.run(SuiteRunnerWorker.java:86)
	at org.testng.TestNG.runSuitesSequentially(TestNG.java:1301)
	at org.testng.TestNG.runSuitesLocally(TestNG.java:1226)
	at org.testng.TestNG.runSuites(TestNG.java:1144)
	at org.testng.TestNG.run(TestNG.java:1115)
	at org.testng.remote.AbstractRemoteTestNG.run(AbstractRemoteTestNG.java:114)
	at org.testng.remote.RemoteTestNG.initAndRun(RemoteTestNG.java:251)
	at org.testng.remote.RemoteTestNG.main(RemoteTestNG.java:77)
Caused by: org.openqa.selenium.NoSuchElementException: Cannot locate an element using By.xpath: //a[contains(text(),'Categories/Products')]
For documentation on this error, please visit: http://seleniumhq.org/exceptions/no_such_element.html
Build info: version: '3.5.3', revision: 'a88d25fe6b', time: '2017-08-29T12:42:44.417Z'
System info: host: 'Yvonnes-MacBook-Pro.local', ip: '10.30.10.51', os.name: 'Mac OS X', os.arch: 'x86_64', os.version: '10.13.4', java.version: '1.8.0_161'
Driver info: driver.version: unknown
	at org.openqa.selenium.support.ui.ExpectedConditions.lambda$findElement$0(ExpectedConditions.java:883)
	at java.util.Optional.orElseThrow(Optional.java:290)
	at org.openqa.selenium.support.ui.ExpectedConditions.findElement(ExpectedConditions.java:882)
	at org.openqa.selenium.support.ui.ExpectedConditions.access$000(ExpectedConditions.java:44)
	at org.openqa.selenium.support.ui.ExpectedConditions$7.apply(ExpectedConditions.java:206)
	at org.openqa.selenium.support.ui.ExpectedConditions$7.apply(ExpectedConditions.java:202)
	at org.openqa.selenium.support.ui.ExpectedConditions$22.apply(ExpectedConditions.java:644)
	at org.openqa.selenium.support.ui.ExpectedConditions$22.apply(ExpectedConditions.java:641)
	at org.openqa.selenium.support.ui.FluentWait.until(FluentWait.java:209)
	... 27 more
]]>
            </full-stacktrace>
          </exception> <!-- org.openqa.selenium.TimeoutException -->
          <reporter-output>
          </reporter-output>
        </test-method> <!-- categoriesOrProductsLinkTest -->
        <test-method status="PASS" signature="tearDown()[pri:0, instance:com.gcrShopAdmin.qa.testcases.AdminHomeTest@5700d6b1]" name="tearDown" is-config="true" duration-ms="119" started-at="2018-04-16T19:29:42Z" finished-at="2018-04-16T19:29:43Z">
          <reporter-output>
          </reporter-output>
        </test-method> <!-- tearDown -->
      </class> <!-- com.gcrShopAdmin.qa.testcases.AdminHomeTest -->
    </test> <!-- Default test -->
  </suite> <!-- Default suite -->
</testng-results>
